# JRE version: Java(TM) SE Runtime Environment (8.0_121-b13) (build 1.8.0_121-b13)
# Java VM: Java HotSpot(TM) 64-Bit Server VM (25.121-b13 mixed mode windows-amd64 compressed oops)
Heap:
 PSYoungGen      total 182272K, used 100949K [0x00000000d5580000, 0x00000000e2a80000, 0x0000000100000000)
  eden space 166400K, 60% used [0x00000000d5580000,0x00000000db815448,0x00000000df800000)
  from space 15872K, 0% used [0x00000000e0780000,0x00000000e0780000,0x00000000e1700000)
  to   space 15872K, 0% used [0x00000000df800000,0x00000000df800000,0x00000000e0780000)
 ParOldGen       total 81408K, used 17922K [0x0000000080000000, 0x0000000084f80000, 0x00000000d5580000)
  object space 81408K, 22% used [0x0000000080000000,0x0000000081180bb0,0x0000000084f80000)
 Metaspace       used 37994K, capacity 39796K, committed 39896K, reserved 1083392K
  class space    used 5168K, capacity 5507K, committed 5592K, reserved 1048576K
GC Heap History (10 events):
Event: 3.183 GC heap before
{Heap before GC invocations=6 (full 1):
 PSYoungGen      total 71680K, used 66560K [0x00000000d5580000, 0x00000000da080000, 0x0000000100000000)
  eden space 66560K, 100% used [0x00000000d5580000,0x00000000d9680000,0x00000000d9680000)
  from space 5120K, 0% used [0x00000000d9b80000,0x00000000d9b80000,0x00000000da080000)
  to   space 5120K, 0% used [0x00000000d9680000,0x00000000d9680000,0x00000000d9b80000)
 ParOldGen       total 54784K, used 6772K [0x0000000080000000, 0x0000000083580000, 0x00000000d5580000)
  object space 54784K, 12% used [0x0000000080000000,0x000000008069d068,0x0000000083580000)
 Metaspace       used 25327K, capacity 26318K, committed 26496K, reserved 1073152K
  class space    used 3457K, capacity 3692K, committed 3712K, reserved 1048576K
Event: 3.194 GC heap after
Heap after GC invocations=6 (full 1):
 PSYoungGen      total 71680K, used 5111K [0x00000000d5580000, 0x00000000dd000000, 0x0000000100000000)
  eden space 66560K, 0% used [0x00000000d5580000,0x00000000d5580000,0x00000000d9680000)
  from space 5120K, 99% used [0x00000000d9680000,0x00000000d9b7de30,0x00000000d9b80000)
  to   space 8704K, 0% used [0x00000000dc780000,0x00000000dc780000,0x00000000dd000000)
 ParOldGen       total 54784K, used 8261K [0x0000000080000000, 0x0000000083580000, 0x00000000d5580000)
  object space 54784K, 15% used [0x0000000080000000,0x0000000080811420,0x0000000083580000)
 Metaspace       used 25327K, capacity 26318K, committed 26496K, reserved 1073152K
  class space    used 3457K, capacity 3692K, committed 3712K, reserved 1048576K
}
Event: 3.840 GC heap before
{Heap before GC invocations=7 (full 1):
 PSYoungGen      total 71680K, used 71671K [0x00000000d5580000, 0x00000000dd000000, 0x0000000100000000)
  eden space 66560K, 100% used [0x00000000d5580000,0x00000000d9680000,0x00000000d9680000)
  from space 5120K, 99% used [0x00000000d9680000,0x00000000d9b7de30,0x00000000d9b80000)
  to   space 8704K, 0% used [0x00000000dc780000,0x00000000dc780000,0x00000000dd000000)
 ParOldGen       total 54784K, used 8261K [0x0000000080000000, 0x0000000083580000, 0x00000000d5580000)
  object space 54784K, 15% used [0x0000000080000000,0x0000000080811420,0x0000000083580000)
 Metaspace       used 27996K, capacity 29056K, committed 29312K, reserved 1075200K
  class space    used 3838K, capacity 4107K, committed 4224K, reserved 1048576K
Event: 3.853 GC heap after
Heap after GC invocations=7 (full 1):
 PSYoungGen      total 114688K, used 8690K [0x00000000d5580000, 0x00000000dd000000, 0x0000000100000000)
  eden space 105984K, 0% used [0x00000000d5580000,0x00000000d5580000,0x00000000dbd00000)
  from space 8704K, 99% used [0x00000000dc780000,0x00000000dcffc960,0x00000000dd000000)
  to   space 9728K, 0% used [0x00000000dbd00000,0x00000000dbd00000,0x00000000dc680000)
 ParOldGen       total 54784K, used 8495K [0x0000000080000000, 0x0000000083580000, 0x00000000d5580000)
  object space 54784K, 15% used [0x0000000080000000,0x000000008084bc48,0x0000000083580000)
 Metaspace       used 27996K, capacity 29056K, committed 29312K, reserved 1075200K
  class space    used 3838K, capacity 4107K, committed 4224K, reserved 1048576K
}
Event: 4.889 GC heap before
{Heap before GC invocations=8 (full 1):
 PSYoungGen      total 114688K, used 114674K [0x00000000d5580000, 0x00000000dd000000, 0x0000000100000000)
  eden space 105984K, 100% used [0x00000000d5580000,0x00000000dbd00000,0x00000000dbd00000)
  from space 8704K, 99% used [0x00000000dc780000,0x00000000dcffc960,0x00000000dd000000)
  to   space 9728K, 0% used [0x00000000dbd00000,0x00000000dbd00000,0x00000000dc680000)
 ParOldGen       total 54784K, used 8495K [0x0000000080000000, 0x0000000083580000, 0x00000000d5580000)
  object space 54784K, 15% used [0x0000000080000000,0x000000008084bc48,0x0000000083580000)
 Metaspace       used 33736K, capacity 35186K, committed 35416K, reserved 1079296K
  class space    used 4562K, capacity 4874K, committed 4952K, reserved 1048576K
Event: 4.912 GC heap after
Heap after GC invocations=8 (full 1):
 PSYoungGen      total 115712K, used 9701K [0x00000000d5580000, 0x00000000e1700000, 0x0000000100000000)
  eden space 105984K, 0% used [0x00000000d5580000,0x00000000d5580000,0x00000000dbd00000)
  from space 9728K, 99% used [0x00000000dbd00000,0x00000000dc6796c0,0x00000000dc680000)
  to   space 15872K, 0% used [0x00000000e0780000,0x00000000e0780000,0x00000000e1700000)
 ParOldGen       total 54784K, used 18758K [0x0000000080000000, 0x0000000083580000, 0x00000000d5580000)
  object space 54784K, 34% used [0x0000000080000000,0x0000000081251a10,0x0000000083580000)
 Metaspace       used 33736K, capacity 35186K, committed 35416K, reserved 1079296K
  class space    used 4562K, capacity 4874K, committed 4952K, reserved 1048576K
}
Event: 4.972 GC heap before
{Heap before GC invocations=9 (full 1):
 PSYoungGen      total 115712K, used 15192K [0x00000000d5580000, 0x00000000e1700000, 0x0000000100000000)
  eden space 105984K, 5% used [0x00000000d5580000,0x00000000d5adc9d0,0x00000000dbd00000)
  from space 9728K, 99% used [0x00000000dbd00000,0x00000000dc6796c0,0x00000000dc680000)
  to   space 15872K, 0% used [0x00000000e0780000,0x00000000e0780000,0x00000000e1700000)
 ParOldGen       total 54784K, used 18758K [0x0000000080000000, 0x0000000083580000, 0x00000000d5580000)
  object space 54784K, 34% used [0x0000000080000000,0x0000000081251a10,0x0000000083580000)
 Metaspace       used 33871K, capacity 35286K, committed 35416K, reserved 1079296K
  class space    used 4585K, capacity 4882K, committed 4952K, reserved 1048576K
Event: 4.986 GC heap after
Heap after GC invocations=9 (full 1):
 PSYoungGen      total 182272K, used 10192K [0x00000000d5580000, 0x00000000e2a80000, 0x0000000100000000)
  eden space 166400K, 0% used [0x00000000d5580000,0x00000000d5580000,0x00000000df800000)
  from space 15872K, 64% used [0x00000000e0780000,0x00000000e11741f0,0x00000000e1700000)
  to   space 15872K, 0% used [0x00000000df800000,0x00000000df800000,0x00000000e0780000)
 ParOldGen       total 54784K, used 18766K [0x0000000080000000, 0x0000000083580000, 0x00000000d5580000)
  object space 54784K, 34% used [0x0000000080000000,0x0000000081253a10,0x0000000083580000)
 Metaspace       used 33871K, capacity 35286K, committed 35416K, reserved 1079296K
  class space    used 4585K, capacity 4882K, committed 4952K, reserved 1048576K
}
Event: 4.986 GC heap before
{Heap before GC invocations=10 (full 2):
 PSYoungGen      total 182272K, used 10192K [0x00000000d5580000, 0x00000000e2a80000, 0x0000000100000000)
  eden space 166400K, 0% used [0x00000000d5580000,0x00000000d5580000,0x00000000df800000)
  from space 15872K, 64% used [0x00000000e0780000,0x00000000e11741f0,0x00000000e1700000)
  to   space 15872K, 0% used [0x00000000df800000,0x00000000df800000,0x00000000e0780000)
 ParOldGen       total 54784K, used 18766K [0x0000000080000000, 0x0000000083580000, 0x00000000d5580000)
  object space 54784K, 34% used [0x0000000080000000,0x0000000081253a10,0x0000000083580000)
 Metaspace       used 33871K, capacity 35286K, committed 35416K, reserved 1079296K
  class space    used 4585K, capacity 4882K, committed 4952K, reserved 1048576K
Event: 5.067 GC heap after
Heap after GC invocations=10 (full 2):
 PSYoungGen      total 182272K, used 0K [0x00000000d5580000, 0x00000000e2a80000, 0x0000000100000000)
  eden space 166400K, 0% used [0x00000000d5580000,0x00000000d5580000,0x00000000df800000)
  from space 15872K, 0% used [0x00000000e0780000,0x00000000e0780000,0x00000000e1700000)
  to   space 15872K, 0% used [0x00000000df800000,0x00000000df800000,0x00000000e0780000)
 ParOldGen       total 81408K, used 17922K [0x0000000080000000, 0x0000000084f80000, 0x00000000d5580000)
  object space 81408K, 22% used [0x0000000080000000,0x0000000081180bb0,0x0000000084f80000)
 Metaspace       used 33871K, capacity 35286K, committed 35416K, reserved 1079296K
  class space    used 4585K, capacity 4882K, committed 4952K, reserved 1048576K
}

